{"/Users/acassio/development/bootcamp-rocketseat/projeto/mobile/src/components/Button/index.tsx": {"path":"/Users/acassio/development/bootcamp-rocketseat/projeto/mobile/src/components/Button/index.tsx","statementMap":{"0":{"start":{"line":11,"column":38},"end":{"line":15,"column":1}},"1":{"start":{"line":12,"column":2},"end":{"line":14,"column":14}}},"fnMap":{"0":{"name":"(anonymous_0)","decl":{"start":{"line":11,"column":38},"end":{"line":11,"column":39}},"loc":{"start":{"line":12,"column":2},"end":{"line":14,"column":14}},"line":12}},"branchMap":{},"s":{"0":1,"1":1},"f":{"0":1},"b":{},"_coverageSchema":"43e27e138ebf9cfc5966b082cf9a028302ed4184","hash":"32219ec6dbe1b442470060063320f428b613dcbf"}
,"/Users/acassio/development/bootcamp-rocketseat/projeto/mobile/src/components/Input/index.tsx": {"path":"/Users/acassio/development/bootcamp-rocketseat/projeto/mobile/src/components/Input/index.tsx","statementMap":{"0":{"start":{"line":27,"column":66},"end":{"line":89,"column":1}},"1":{"start":{"line":31,"column":26},"end":{"line":31,"column":43}},"2":{"start":{"line":32,"column":65},"end":{"line":32,"column":79}},"3":{"start":{"line":33,"column":24},"end":{"line":33,"column":66}},"4":{"start":{"line":35,"column":36},"end":{"line":35,"column":51}},"5":{"start":{"line":36,"column":34},"end":{"line":36,"column":49}},"6":{"start":{"line":38,"column":27},"end":{"line":40,"column":8}},"7":{"start":{"line":39,"column":4},"end":{"line":39,"column":23}},"8":{"start":{"line":42,"column":26},"end":{"line":45,"column":8}},"9":{"start":{"line":43,"column":4},"end":{"line":43,"column":24}},"10":{"start":{"line":44,"column":4},"end":{"line":44,"column":47}},"11":{"start":{"line":47,"column":2},"end":{"line":51,"column":6}},"12":{"start":{"line":47,"column":34},"end":{"line":51,"column":3}},"13":{"start":{"line":49,"column":6},"end":{"line":49,"column":38}},"14":{"start":{"line":53,"column":2},"end":{"line":68,"column":33}},"15":{"start":{"line":54,"column":4},"end":{"line":67,"column":7}},"16":{"start":{"line":60,"column":8},"end":{"line":60,"column":44}},"17":{"start":{"line":61,"column":8},"end":{"line":61,"column":64}},"18":{"start":{"line":64,"column":8},"end":{"line":64,"column":41}},"19":{"start":{"line":65,"column":8},"end":{"line":65,"column":40}},"20":{"start":{"line":69,"column":2},"end":{"line":88,"column":4}},"21":{"start":{"line":81,"column":10},"end":{"line":81,"column":46}}},"fnMap":{"0":{"name":"(anonymous_0)","decl":{"start":{"line":27,"column":66},"end":{"line":27,"column":67}},"loc":{"start":{"line":30,"column":5},"end":{"line":89,"column":1}},"line":30},"1":{"name":"(anonymous_1)","decl":{"start":{"line":38,"column":39},"end":{"line":38,"column":40}},"loc":{"start":{"line":38,"column":45},"end":{"line":40,"column":3}},"line":38},"2":{"name":"(anonymous_2)","decl":{"start":{"line":42,"column":38},"end":{"line":42,"column":39}},"loc":{"start":{"line":42,"column":44},"end":{"line":45,"column":3}},"line":42},"3":{"name":"(anonymous_3)","decl":{"start":{"line":47,"column":27},"end":{"line":47,"column":28}},"loc":{"start":{"line":47,"column":34},"end":{"line":51,"column":3}},"line":47},"4":{"name":"(anonymous_4)","decl":{"start":{"line":48,"column":4},"end":{"line":48,"column":5}},"loc":{"start":{"line":48,"column":12},"end":{"line":50,"column":5}},"line":48},"5":{"name":"(anonymous_5)","decl":{"start":{"line":53,"column":12},"end":{"line":53,"column":13}},"loc":{"start":{"line":53,"column":18},"end":{"line":68,"column":3}},"line":53},"6":{"name":"(anonymous_6)","decl":{"start":{"line":59,"column":6},"end":{"line":59,"column":7}},"loc":{"start":{"line":59,"column":32},"end":{"line":62,"column":7}},"line":59},"7":{"name":"(anonymous_7)","decl":{"start":{"line":63,"column":6},"end":{"line":63,"column":7}},"loc":{"start":{"line":63,"column":19},"end":{"line":66,"column":7}},"line":63},"8":{"name":"(anonymous_8)","decl":{"start":{"line":80,"column":22},"end":{"line":80,"column":23}},"loc":{"start":{"line":80,"column":33},"end":{"line":82,"column":9}},"line":80}},"branchMap":{"0":{"loc":{"start":{"line":28,"column":16},"end":{"line":28,"column":35}},"type":"default-arg","locations":[{"start":{"line":28,"column":33},"end":{"line":28,"column":35}}],"line":28},"1":{"loc":{"start":{"line":32,"column":25},"end":{"line":32,"column":42}},"type":"default-arg","locations":[{"start":{"line":32,"column":40},"end":{"line":32,"column":42}}],"line":32},"2":{"loc":{"start":{"line":74,"column":15},"end":{"line":74,"column":60}},"type":"cond-expr","locations":[{"start":{"line":74,"column":39},"end":{"line":74,"column":48}},{"start":{"line":74,"column":51},"end":{"line":74,"column":60}}],"line":74},"3":{"loc":{"start":{"line":74,"column":15},"end":{"line":74,"column":36}},"type":"binary-expr","locations":[{"start":{"line":74,"column":15},"end":{"line":74,"column":24}},{"start":{"line":74,"column":28},"end":{"line":74,"column":36}}],"line":74}},"s":{"0":1,"1":2,"2":2,"3":2,"4":2,"5":2,"6":2,"7":0,"8":2,"9":0,"10":0,"11":2,"12":1,"13":0,"14":2,"15":2,"16":0,"17":0,"18":0,"19":0,"20":2,"21":0},"f":{"0":2,"1":0,"2":0,"3":1,"4":0,"5":2,"6":0,"7":0,"8":0},"b":{"0":[2],"1":[2],"2":[0,2],"3":[2,2]},"_coverageSchema":"43e27e138ebf9cfc5966b082cf9a028302ed4184","hash":"c8b3bef5c585b0d31fed358888b18151ed4f4ed5"}
,"/Users/acassio/development/bootcamp-rocketseat/projeto/mobile/src/hooks/Auth.tsx": {"path":"/Users/acassio/development/bootcamp-rocketseat/projeto/mobile/src/hooks/Auth.tsx","statementMap":{"0":{"start":{"line":36,"column":27},"end":{"line":38,"column":1}},"1":{"start":{"line":40,"column":38},"end":{"line":95,"column":1}},"2":{"start":{"line":41,"column":26},"end":{"line":41,"column":62}},"3":{"start":{"line":42,"column":32},"end":{"line":42,"column":46}},"4":{"start":{"line":44,"column":2},"end":{"line":57,"column":9}},"5":{"start":{"line":46,"column":28},"end":{"line":49,"column":8}},"6":{"start":{"line":50,"column":6},"end":{"line":53,"column":7}},"7":{"start":{"line":51,"column":8},"end":{"line":51,"column":64}},"8":{"start":{"line":52,"column":8},"end":{"line":52,"column":66}},"9":{"start":{"line":54,"column":6},"end":{"line":54,"column":24}},"10":{"start":{"line":56,"column":4},"end":{"line":56,"column":22}},"11":{"start":{"line":59,"column":17},"end":{"line":70,"column":8}},"12":{"start":{"line":60,"column":21},"end":{"line":60,"column":69}},"13":{"start":{"line":61,"column":28},"end":{"line":61,"column":41}},"14":{"start":{"line":62,"column":4},"end":{"line":65,"column":7}},"15":{"start":{"line":67,"column":4},"end":{"line":67,"column":59}},"16":{"start":{"line":69,"column":4},"end":{"line":69,"column":29}},"17":{"start":{"line":72,"column":18},"end":{"line":75,"column":8}},"18":{"start":{"line":73,"column":4},"end":{"line":73,"column":74}},"19":{"start":{"line":74,"column":4},"end":{"line":74,"column":29}},"20":{"start":{"line":77,"column":21},"end":{"line":86,"column":3}},"21":{"start":{"line":79,"column":6},"end":{"line":82,"column":9}},"22":{"start":{"line":83,"column":6},"end":{"line":83,"column":73}},"23":{"start":{"line":88,"column":2},"end":{"line":94,"column":4}},"24":{"start":{"line":98,"column":18},"end":{"line":98,"column":41}},"25":{"start":{"line":99,"column":2},"end":{"line":99,"column":79}},"26":{"start":{"line":99,"column":16},"end":{"line":99,"column":79}},"27":{"start":{"line":100,"column":2},"end":{"line":100,"column":17}}},"fnMap":{"0":{"name":"(anonymous_0)","decl":{"start":{"line":40,"column":38},"end":{"line":40,"column":39}},"loc":{"start":{"line":40,"column":56},"end":{"line":95,"column":1}},"line":40},"1":{"name":"(anonymous_1)","decl":{"start":{"line":44,"column":12},"end":{"line":44,"column":13}},"loc":{"start":{"line":44,"column":18},"end":{"line":57,"column":3}},"line":44},"2":{"name":"loadStorageData","decl":{"start":{"line":45,"column":19},"end":{"line":45,"column":34}},"loc":{"start":{"line":45,"column":52},"end":{"line":55,"column":5}},"line":45},"3":{"name":"(anonymous_3)","decl":{"start":{"line":59,"column":29},"end":{"line":59,"column":30}},"loc":{"start":{"line":59,"column":60},"end":{"line":70,"column":3}},"line":59},"4":{"name":"(anonymous_4)","decl":{"start":{"line":72,"column":30},"end":{"line":72,"column":31}},"loc":{"start":{"line":72,"column":42},"end":{"line":75,"column":3}},"line":72},"5":{"name":"(anonymous_5)","decl":{"start":{"line":78,"column":4},"end":{"line":78,"column":5}},"loc":{"start":{"line":78,"column":26},"end":{"line":84,"column":5}},"line":78},"6":{"name":"useAuth","decl":{"start":{"line":97,"column":16},"end":{"line":97,"column":23}},"loc":{"start":{"line":97,"column":43},"end":{"line":101,"column":1}},"line":97}},"branchMap":{"0":{"loc":{"start":{"line":50,"column":6},"end":{"line":53,"column":7}},"type":"if","locations":[{"start":{"line":50,"column":6},"end":{"line":53,"column":7}},{"start":{"line":50,"column":6},"end":{"line":53,"column":7}}],"line":50},"1":{"loc":{"start":{"line":50,"column":10},"end":{"line":50,"column":29}},"type":"binary-expr","locations":[{"start":{"line":50,"column":10},"end":{"line":50,"column":18}},{"start":{"line":50,"column":22},"end":{"line":50,"column":29}}],"line":50},"2":{"loc":{"start":{"line":99,"column":2},"end":{"line":99,"column":79}},"type":"if","locations":[{"start":{"line":99,"column":2},"end":{"line":99,"column":79}},{"start":{"line":99,"column":2},"end":{"line":99,"column":79}}],"line":99}},"s":{"0":1,"1":1,"2":0,"3":0,"4":0,"5":0,"6":0,"7":0,"8":0,"9":0,"10":0,"11":0,"12":0,"13":0,"14":0,"15":0,"16":0,"17":0,"18":0,"19":0,"20":0,"21":0,"22":0,"23":0,"24":1,"25":1,"26":0,"27":1},"f":{"0":0,"1":0,"2":0,"3":0,"4":0,"5":0,"6":1},"b":{"0":[0,0],"1":[0,0],"2":[0,1]},"_coverageSchema":"43e27e138ebf9cfc5966b082cf9a028302ed4184","hash":"4c1fddbb7ae0adfe8aa7a246c1ee6e3ded04fb4b"}
,"/Users/acassio/development/bootcamp-rocketseat/projeto/mobile/src/pages/AppointmentCreated/index.tsx": {"path":"/Users/acassio/development/bootcamp-rocketseat/projeto/mobile/src/pages/AppointmentCreated/index.tsx","statementMap":{"0":{"start":{"line":19,"column":37},"end":{"line":51,"column":1}},"1":{"start":{"line":20,"column":20},"end":{"line":20,"column":35}},"2":{"start":{"line":21,"column":21},"end":{"line":21,"column":31}},"3":{"start":{"line":23,"column":22},"end":{"line":23,"column":43}},"4":{"start":{"line":25,"column":24},"end":{"line":31,"column":19}},"5":{"start":{"line":26,"column":4},"end":{"line":30,"column":6}},"6":{"start":{"line":33,"column":26},"end":{"line":38,"column":13}},"7":{"start":{"line":34,"column":4},"end":{"line":37,"column":7}},"8":{"start":{"line":40,"column":2},"end":{"line":50,"column":4}}},"fnMap":{"0":{"name":"(anonymous_0)","decl":{"start":{"line":19,"column":37},"end":{"line":19,"column":38}},"loc":{"start":{"line":19,"column":43},"end":{"line":51,"column":1}},"line":19},"1":{"name":"(anonymous_1)","decl":{"start":{"line":25,"column":32},"end":{"line":25,"column":33}},"loc":{"start":{"line":25,"column":38},"end":{"line":31,"column":3}},"line":25},"2":{"name":"(anonymous_2)","decl":{"start":{"line":33,"column":38},"end":{"line":33,"column":39}},"loc":{"start":{"line":33,"column":44},"end":{"line":38,"column":3}},"line":33}},"branchMap":{},"s":{"0":0,"1":0,"2":0,"3":0,"4":0,"5":0,"6":0,"7":0,"8":0},"f":{"0":0,"1":0,"2":0},"b":{},"hash":"9ee342e454a50bef3dd767f7bf3220b3ba66bf42"}
,"/Users/acassio/development/bootcamp-rocketseat/projeto/mobile/src/pages/CreateAppointment/index.tsx": {"path":"/Users/acassio/development/bootcamp-rocketseat/projeto/mobile/src/pages/CreateAppointment/index.tsx","statementMap":{"0":{"start":{"line":51,"column":36},"end":{"line":264,"column":1}},"1":{"start":{"line":52,"column":19},"end":{"line":52,"column":28}},"2":{"start":{"line":53,"column":16},"end":{"line":53,"column":26}},"3":{"start":{"line":54,"column":31},"end":{"line":54,"column":46}},"4":{"start":{"line":55,"column":22},"end":{"line":55,"column":49}},"5":{"start":{"line":57,"column":36},"end":{"line":57,"column":60}},"6":{"start":{"line":58,"column":50},"end":{"line":60,"column":3}},"7":{"start":{"line":61,"column":46},"end":{"line":61,"column":61}},"8":{"start":{"line":62,"column":42},"end":{"line":62,"column":62}},"9":{"start":{"line":63,"column":42},"end":{"line":63,"column":74}},"10":{"start":{"line":64,"column":42},"end":{"line":64,"column":53}},"11":{"start":{"line":66,"column":2},"end":{"line":70,"column":9}},"12":{"start":{"line":67,"column":4},"end":{"line":69,"column":7}},"13":{"start":{"line":68,"column":6},"end":{"line":68,"column":34}},"14":{"start":{"line":72,"column":2},"end":{"line":85,"column":39}},"15":{"start":{"line":73,"column":4},"end":{"line":84,"column":9}},"16":{"start":{"line":82,"column":8},"end":{"line":82,"column":39}},"17":{"start":{"line":83,"column":8},"end":{"line":83,"column":35}},"18":{"start":{"line":87,"column":23},"end":{"line":89,"column":14}},"19":{"start":{"line":88,"column":4},"end":{"line":88,"column":13}},"20":{"start":{"line":91,"column":31},"end":{"line":96,"column":3}},"21":{"start":{"line":93,"column":6},"end":{"line":93,"column":38}},"22":{"start":{"line":98,"column":33},"end":{"line":100,"column":25}},"23":{"start":{"line":99,"column":4},"end":{"line":99,"column":41}},"24":{"start":{"line":99,"column":33},"end":{"line":99,"column":39}},"25":{"start":{"line":102,"column":28},"end":{"line":112,"column":3}},"26":{"start":{"line":104,"column":6},"end":{"line":106,"column":7}},"27":{"start":{"line":105,"column":8},"end":{"line":105,"column":33}},"28":{"start":{"line":107,"column":6},"end":{"line":109,"column":7}},"29":{"start":{"line":108,"column":8},"end":{"line":108,"column":30}},"30":{"start":{"line":114,"column":27},"end":{"line":116,"column":8}},"31":{"start":{"line":115,"column":4},"end":{"line":115,"column":26}},"32":{"start":{"line":118,"column":34},"end":{"line":135,"column":62}},"33":{"start":{"line":119,"column":4},"end":{"line":134,"column":5}},"34":{"start":{"line":120,"column":19},"end":{"line":120,"column":41}},"35":{"start":{"line":121,"column":6},"end":{"line":121,"column":34}},"36":{"start":{"line":122,"column":6},"end":{"line":122,"column":25}},"37":{"start":{"line":123,"column":6},"end":{"line":126,"column":9}},"38":{"start":{"line":128,"column":6},"end":{"line":128,"column":63}},"39":{"start":{"line":130,"column":6},"end":{"line":133,"column":8}},"40":{"start":{"line":137,"column":30},"end":{"line":147,"column":20}},"41":{"start":{"line":138,"column":4},"end":{"line":146,"column":9}},"42":{"start":{"line":139,"column":28},"end":{"line":139,"column":38}},"43":{"start":{"line":141,"column":8},"end":{"line":145,"column":10}},"44":{"start":{"line":149,"column":32},"end":{"line":159,"column":20}},"45":{"start":{"line":150,"column":4},"end":{"line":158,"column":9}},"46":{"start":{"line":151,"column":28},"end":{"line":151,"column":37}},"47":{"start":{"line":153,"column":8},"end":{"line":157,"column":10}},"48":{"start":{"line":161,"column":2},"end":{"line":263,"column":4}},"49":{"start":{"line":176,"column":40},"end":{"line":176,"column":51}},"50":{"start":{"line":178,"column":14},"end":{"line":188,"column":34}},"51":{"start":{"line":181,"column":18},"end":{"line":181,"column":52}},"52":{"start":{"line":218,"column":16},"end":{"line":230,"column":23}},"53":{"start":{"line":224,"column":20},"end":{"line":224,"column":43}},"54":{"start":{"line":239,"column":18},"end":{"line":251,"column":25}},"55":{"start":{"line":245,"column":22},"end":{"line":245,"column":45}}},"fnMap":{"0":{"name":"(anonymous_0)","decl":{"start":{"line":51,"column":36},"end":{"line":51,"column":37}},"loc":{"start":{"line":51,"column":42},"end":{"line":264,"column":1}},"line":51},"1":{"name":"(anonymous_1)","decl":{"start":{"line":66,"column":12},"end":{"line":66,"column":13}},"loc":{"start":{"line":66,"column":18},"end":{"line":70,"column":3}},"line":66},"2":{"name":"(anonymous_2)","decl":{"start":{"line":67,"column":30},"end":{"line":67,"column":31}},"loc":{"start":{"line":67,"column":44},"end":{"line":69,"column":5}},"line":67},"3":{"name":"(anonymous_3)","decl":{"start":{"line":72,"column":12},"end":{"line":72,"column":13}},"loc":{"start":{"line":72,"column":18},"end":{"line":85,"column":3}},"line":72},"4":{"name":"(anonymous_4)","decl":{"start":{"line":81,"column":12},"end":{"line":81,"column":13}},"loc":{"start":{"line":81,"column":26},"end":{"line":84,"column":7}},"line":81},"5":{"name":"(anonymous_5)","decl":{"start":{"line":87,"column":35},"end":{"line":87,"column":36}},"loc":{"start":{"line":87,"column":41},"end":{"line":89,"column":3}},"line":87},"6":{"name":"(anonymous_6)","decl":{"start":{"line":92,"column":4},"end":{"line":92,"column":5}},"loc":{"start":{"line":92,"column":28},"end":{"line":94,"column":5}},"line":92},"7":{"name":"(anonymous_7)","decl":{"start":{"line":98,"column":45},"end":{"line":98,"column":46}},"loc":{"start":{"line":98,"column":51},"end":{"line":100,"column":3}},"line":98},"8":{"name":"(anonymous_8)","decl":{"start":{"line":99,"column":22},"end":{"line":99,"column":23}},"loc":{"start":{"line":99,"column":33},"end":{"line":99,"column":39}},"line":99},"9":{"name":"(anonymous_9)","decl":{"start":{"line":103,"column":4},"end":{"line":103,"column":5}},"loc":{"start":{"line":103,"column":44},"end":{"line":110,"column":5}},"line":103},"10":{"name":"(anonymous_10)","decl":{"start":{"line":114,"column":39},"end":{"line":114,"column":40}},"loc":{"start":{"line":114,"column":57},"end":{"line":116,"column":3}},"line":114},"11":{"name":"(anonymous_11)","decl":{"start":{"line":118,"column":46},"end":{"line":118,"column":47}},"loc":{"start":{"line":118,"column":58},"end":{"line":135,"column":3}},"line":118},"12":{"name":"(anonymous_12)","decl":{"start":{"line":137,"column":38},"end":{"line":137,"column":39}},"loc":{"start":{"line":137,"column":44},"end":{"line":147,"column":3}},"line":137},"13":{"name":"(anonymous_13)","decl":{"start":{"line":139,"column":14},"end":{"line":139,"column":15}},"loc":{"start":{"line":139,"column":28},"end":{"line":139,"column":38}},"line":139},"14":{"name":"(anonymous_14)","decl":{"start":{"line":140,"column":11},"end":{"line":140,"column":12}},"loc":{"start":{"line":140,"column":36},"end":{"line":146,"column":7}},"line":140},"15":{"name":"(anonymous_15)","decl":{"start":{"line":149,"column":40},"end":{"line":149,"column":41}},"loc":{"start":{"line":149,"column":46},"end":{"line":159,"column":3}},"line":149},"16":{"name":"(anonymous_16)","decl":{"start":{"line":151,"column":14},"end":{"line":151,"column":15}},"loc":{"start":{"line":151,"column":28},"end":{"line":151,"column":37}},"line":151},"17":{"name":"(anonymous_17)","decl":{"start":{"line":152,"column":11},"end":{"line":152,"column":12}},"loc":{"start":{"line":152,"column":36},"end":{"line":158,"column":7}},"line":152},"18":{"name":"(anonymous_18)","decl":{"start":{"line":176,"column":26},"end":{"line":176,"column":27}},"loc":{"start":{"line":176,"column":40},"end":{"line":176,"column":51}},"line":176},"19":{"name":"(anonymous_19)","decl":{"start":{"line":177,"column":24},"end":{"line":177,"column":25}},"loc":{"start":{"line":178,"column":14},"end":{"line":188,"column":34}},"line":178},"20":{"name":"(anonymous_20)","decl":{"start":{"line":180,"column":25},"end":{"line":180,"column":26}},"loc":{"start":{"line":180,"column":31},"end":{"line":182,"column":17}},"line":180},"21":{"name":"(anonymous_21)","decl":{"start":{"line":217,"column":39},"end":{"line":217,"column":40}},"loc":{"start":{"line":218,"column":16},"end":{"line":230,"column":23}},"line":218},"22":{"name":"(anonymous_22)","decl":{"start":{"line":223,"column":27},"end":{"line":223,"column":28}},"loc":{"start":{"line":223,"column":33},"end":{"line":225,"column":19}},"line":223},"23":{"name":"(anonymous_23)","decl":{"start":{"line":238,"column":16},"end":{"line":238,"column":17}},"loc":{"start":{"line":239,"column":18},"end":{"line":251,"column":25}},"line":239},"24":{"name":"(anonymous_24)","decl":{"start":{"line":244,"column":29},"end":{"line":244,"column":30}},"loc":{"start":{"line":244,"column":35},"end":{"line":246,"column":21}},"line":244}},"branchMap":{"0":{"loc":{"start":{"line":104,"column":6},"end":{"line":106,"column":7}},"type":"if","locations":[{"start":{"line":104,"column":6},"end":{"line":106,"column":7}},{"start":{"line":104,"column":6},"end":{"line":106,"column":7}}],"line":104},"1":{"loc":{"start":{"line":107,"column":6},"end":{"line":109,"column":7}},"type":"if","locations":[{"start":{"line":107,"column":6},"end":{"line":109,"column":7}},{"start":{"line":107,"column":6},"end":{"line":109,"column":7}}],"line":107},"2":{"loc":{"start":{"line":200,"column":11},"end":{"line":208,"column":11}},"type":"binary-expr","locations":[{"start":{"line":200,"column":11},"end":{"line":200,"column":25}},{"start":{"line":201,"column":12},"end":{"line":207,"column":14}}],"line":200}},"s":{"0":0,"1":0,"2":0,"3":0,"4":0,"5":0,"6":0,"7":0,"8":0,"9":0,"10":0,"11":0,"12":0,"13":0,"14":0,"15":0,"16":0,"17":0,"18":0,"19":0,"20":0,"21":0,"22":0,"23":0,"24":0,"25":0,"26":0,"27":0,"28":0,"29":0,"30":0,"31":0,"32":0,"33":0,"34":0,"35":0,"36":0,"37":0,"38":0,"39":0,"40":0,"41":0,"42":0,"43":0,"44":0,"45":0,"46":0,"47":0,"48":0,"49":0,"50":0,"51":0,"52":0,"53":0,"54":0,"55":0},"f":{"0":0,"1":0,"2":0,"3":0,"4":0,"5":0,"6":0,"7":0,"8":0,"9":0,"10":0,"11":0,"12":0,"13":0,"14":0,"15":0,"16":0,"17":0,"18":0,"19":0,"20":0,"21":0,"22":0,"23":0,"24":0},"b":{"0":[0,0],"1":[0,0],"2":[0,0]},"hash":"b048dda06e5ed15ce1431d6ba207ead8a2557b9b"}
,"/Users/acassio/development/bootcamp-rocketseat/projeto/mobile/src/pages/Dashboard/index.tsx": {"path":"/Users/acassio/development/bootcamp-rocketseat/projeto/mobile/src/pages/Dashboard/index.tsx","statementMap":{"0":{"start":{"line":30,"column":28},"end":{"line":99,"column":1}},"1":{"start":{"line":31,"column":36},"end":{"line":31,"column":60}},"2":{"start":{"line":33,"column":28},"end":{"line":33,"column":37}},"3":{"start":{"line":34,"column":23},"end":{"line":34,"column":38}},"4":{"start":{"line":36,"column":2},"end":{"line":45,"column":9}},"5":{"start":{"line":37,"column":4},"end":{"line":44,"column":9}},"6":{"start":{"line":40,"column":8},"end":{"line":40,"column":36}},"7":{"start":{"line":43,"column":8},"end":{"line":43,"column":37}},"8":{"start":{"line":47,"column":28},"end":{"line":50,"column":16}},"9":{"start":{"line":48,"column":4},"end":{"line":48,"column":24}},"10":{"start":{"line":52,"column":38},"end":{"line":57,"column":3}},"11":{"start":{"line":54,"column":6},"end":{"line":54,"column":52}},"12":{"start":{"line":59,"column":2},"end":{"line":98,"column":4}},"13":{"start":{"line":72,"column":36},"end":{"line":72,"column":47}},"14":{"start":{"line":77,"column":10},"end":{"line":94,"column":30}},"15":{"start":{"line":79,"column":14},"end":{"line":79,"column":55}}},"fnMap":{"0":{"name":"(anonymous_0)","decl":{"start":{"line":30,"column":28},"end":{"line":30,"column":29}},"loc":{"start":{"line":30,"column":34},"end":{"line":99,"column":1}},"line":30},"1":{"name":"(anonymous_1)","decl":{"start":{"line":36,"column":12},"end":{"line":36,"column":13}},"loc":{"start":{"line":36,"column":18},"end":{"line":45,"column":3}},"line":36},"2":{"name":"(anonymous_2)","decl":{"start":{"line":39,"column":12},"end":{"line":39,"column":13}},"loc":{"start":{"line":39,"column":26},"end":{"line":41,"column":7}},"line":39},"3":{"name":"(anonymous_3)","decl":{"start":{"line":42,"column":13},"end":{"line":42,"column":14}},"loc":{"start":{"line":42,"column":24},"end":{"line":44,"column":7}},"line":42},"4":{"name":"(anonymous_4)","decl":{"start":{"line":47,"column":40},"end":{"line":47,"column":41}},"loc":{"start":{"line":47,"column":46},"end":{"line":50,"column":3}},"line":47},"5":{"name":"(anonymous_5)","decl":{"start":{"line":53,"column":4},"end":{"line":53,"column":5}},"loc":{"start":{"line":53,"column":28},"end":{"line":55,"column":5}},"line":53},"6":{"name":"(anonymous_6)","decl":{"start":{"line":72,"column":22},"end":{"line":72,"column":23}},"loc":{"start":{"line":72,"column":36},"end":{"line":72,"column":47}},"line":72},"7":{"name":"(anonymous_7)","decl":{"start":{"line":76,"column":20},"end":{"line":76,"column":21}},"loc":{"start":{"line":77,"column":10},"end":{"line":94,"column":30}},"line":77},"8":{"name":"(anonymous_8)","decl":{"start":{"line":78,"column":21},"end":{"line":78,"column":22}},"loc":{"start":{"line":78,"column":27},"end":{"line":80,"column":13}},"line":78}},"branchMap":{},"s":{"0":0,"1":0,"2":0,"3":0,"4":0,"5":0,"6":0,"7":0,"8":0,"9":0,"10":0,"11":0,"12":0,"13":0,"14":0,"15":0},"f":{"0":0,"1":0,"2":0,"3":0,"4":0,"5":0,"6":0,"7":0,"8":0},"b":{},"hash":"e611e0881ffeff5badc150c53956f914fb4242ce"}
,"/Users/acassio/development/bootcamp-rocketseat/projeto/mobile/src/pages/Profile/index.tsx": {"path":"/Users/acassio/development/bootcamp-rocketseat/projeto/mobile/src/pages/Profile/index.tsx","statementMap":{"0":{"start":{"line":38,"column":26},"end":{"line":257,"column":1}},"1":{"start":{"line":39,"column":24},"end":{"line":39,"column":47}},"2":{"start":{"line":40,"column":30},"end":{"line":40,"column":53}},"3":{"start":{"line":41,"column":27},"end":{"line":41,"column":50}},"4":{"start":{"line":42,"column":39},"end":{"line":42,"column":62}},"5":{"start":{"line":44,"column":18},"end":{"line":44,"column":43}},"6":{"start":{"line":45,"column":21},"end":{"line":45,"column":36}},"7":{"start":{"line":47,"column":31},"end":{"line":47,"column":40}},"8":{"start":{"line":49,"column":29},"end":{"line":79,"column":18}},"9":{"start":{"line":50,"column":4},"end":{"line":78,"column":6}},"10":{"start":{"line":58,"column":8},"end":{"line":60,"column":9}},"11":{"start":{"line":59,"column":10},"end":{"line":59,"column":17}},"12":{"start":{"line":61,"column":8},"end":{"line":64,"column":9}},"13":{"start":{"line":62,"column":10},"end":{"line":62,"column":55}},"14":{"start":{"line":63,"column":10},"end":{"line":63,"column":17}},"15":{"start":{"line":66,"column":23},"end":{"line":66,"column":44}},"16":{"start":{"line":67,"column":21},"end":{"line":67,"column":35}},"17":{"start":{"line":68,"column":8},"end":{"line":72,"column":11}},"18":{"start":{"line":74,"column":8},"end":{"line":76,"column":11}},"19":{"start":{"line":75,"column":10},"end":{"line":75,"column":39}},"20":{"start":{"line":81,"column":24},"end":{"line":149,"column":3}},"21":{"start":{"line":83,"column":6},"end":{"line":146,"column":7}},"22":{"start":{"line":84,"column":8},"end":{"line":84,"column":39}},"23":{"start":{"line":85,"column":23},"end":{"line":106,"column":10}},"24":{"start":{"line":92,"column":27},"end":{"line":92,"column":41}},"25":{"start":{"line":99,"column":27},"end":{"line":99,"column":41}},"26":{"start":{"line":107,"column":8},"end":{"line":109,"column":11}},"27":{"start":{"line":111,"column":66},"end":{"line":111,"column":70}},"28":{"start":{"line":113,"column":25},"end":{"line":123,"column":9}},"29":{"start":{"line":125,"column":25},"end":{"line":125,"column":60}},"30":{"start":{"line":127,"column":8},"end":{"line":127,"column":34}},"31":{"start":{"line":129,"column":8},"end":{"line":132,"column":10}},"32":{"start":{"line":134,"column":8},"end":{"line":134,"column":28}},"33":{"start":{"line":136,"column":8},"end":{"line":140,"column":9}},"34":{"start":{"line":137,"column":25},"end":{"line":137,"column":49}},"35":{"start":{"line":138,"column":10},"end":{"line":138,"column":45}},"36":{"start":{"line":139,"column":10},"end":{"line":139,"column":17}},"37":{"start":{"line":141,"column":8},"end":{"line":144,"column":10}},"38":{"start":{"line":145,"column":8},"end":{"line":145,"column":25}},"39":{"start":{"line":151,"column":23},"end":{"line":153,"column":8}},"40":{"start":{"line":152,"column":4},"end":{"line":152,"column":24}},"41":{"start":{"line":155,"column":2},"end":{"line":256,"column":4}},"42":{"start":{"line":188,"column":18},"end":{"line":188,"column":49}},"43":{"start":{"line":201,"column":18},"end":{"line":201,"column":55}},"44":{"start":{"line":214,"column":18},"end":{"line":214,"column":52}},"45":{"start":{"line":227,"column":18},"end":{"line":227,"column":64}},"46":{"start":{"line":240,"column":18},"end":{"line":240,"column":48}},"47":{"start":{"line":246,"column":18},"end":{"line":246,"column":48}}},"fnMap":{"0":{"name":"(anonymous_0)","decl":{"start":{"line":38,"column":26},"end":{"line":38,"column":27}},"loc":{"start":{"line":38,"column":32},"end":{"line":257,"column":1}},"line":38},"1":{"name":"(anonymous_1)","decl":{"start":{"line":49,"column":41},"end":{"line":49,"column":42}},"loc":{"start":{"line":49,"column":47},"end":{"line":79,"column":3}},"line":49},"2":{"name":"(anonymous_2)","decl":{"start":{"line":57,"column":6},"end":{"line":57,"column":7}},"loc":{"start":{"line":57,"column":20},"end":{"line":77,"column":7}},"line":57},"3":{"name":"(anonymous_3)","decl":{"start":{"line":74,"column":45},"end":{"line":74,"column":46}},"loc":{"start":{"line":74,"column":62},"end":{"line":76,"column":9}},"line":74},"4":{"name":"(anonymous_4)","decl":{"start":{"line":82,"column":4},"end":{"line":82,"column":5}},"loc":{"start":{"line":82,"column":52},"end":{"line":147,"column":5}},"line":82},"5":{"name":"(anonymous_5)","decl":{"start":{"line":92,"column":16},"end":{"line":92,"column":17}},"loc":{"start":{"line":92,"column":27},"end":{"line":92,"column":41}},"line":92},"6":{"name":"(anonymous_6)","decl":{"start":{"line":99,"column":16},"end":{"line":99,"column":17}},"loc":{"start":{"line":99,"column":27},"end":{"line":99,"column":41}},"line":99},"7":{"name":"(anonymous_7)","decl":{"start":{"line":151,"column":35},"end":{"line":151,"column":36}},"loc":{"start":{"line":151,"column":41},"end":{"line":153,"column":3}},"line":151},"8":{"name":"(anonymous_8)","decl":{"start":{"line":187,"column":33},"end":{"line":187,"column":34}},"loc":{"start":{"line":187,"column":39},"end":{"line":189,"column":17}},"line":187},"9":{"name":"(anonymous_9)","decl":{"start":{"line":200,"column":33},"end":{"line":200,"column":34}},"loc":{"start":{"line":200,"column":39},"end":{"line":202,"column":17}},"line":200},"10":{"name":"(anonymous_10)","decl":{"start":{"line":213,"column":33},"end":{"line":213,"column":34}},"loc":{"start":{"line":213,"column":39},"end":{"line":215,"column":17}},"line":213},"11":{"name":"(anonymous_11)","decl":{"start":{"line":226,"column":33},"end":{"line":226,"column":34}},"loc":{"start":{"line":226,"column":39},"end":{"line":228,"column":17}},"line":226},"12":{"name":"(anonymous_12)","decl":{"start":{"line":239,"column":33},"end":{"line":239,"column":34}},"loc":{"start":{"line":239,"column":39},"end":{"line":241,"column":17}},"line":239},"13":{"name":"(anonymous_13)","decl":{"start":{"line":245,"column":25},"end":{"line":245,"column":26}},"loc":{"start":{"line":245,"column":31},"end":{"line":247,"column":17}},"line":245}},"branchMap":{"0":{"loc":{"start":{"line":58,"column":8},"end":{"line":60,"column":9}},"type":"if","locations":[{"start":{"line":58,"column":8},"end":{"line":60,"column":9}},{"start":{"line":58,"column":8},"end":{"line":60,"column":9}}],"line":58},"1":{"loc":{"start":{"line":61,"column":8},"end":{"line":64,"column":9}},"type":"if","locations":[{"start":{"line":61,"column":8},"end":{"line":64,"column":9}},{"start":{"line":61,"column":8},"end":{"line":64,"column":9}}],"line":61},"2":{"loc":{"start":{"line":116,"column":14},"end":{"line":122,"column":16}},"type":"cond-expr","locations":[{"start":{"line":117,"column":14},"end":{"line":121,"column":15}},{"start":{"line":122,"column":14},"end":{"line":122,"column":16}}],"line":116},"3":{"loc":{"start":{"line":136,"column":8},"end":{"line":140,"column":9}},"type":"if","locations":[{"start":{"line":136,"column":8},"end":{"line":140,"column":9}},{"start":{"line":136,"column":8},"end":{"line":140,"column":9}}],"line":136},"4":{"loc":{"start":{"line":158,"column":18},"end":{"line":158,"column":63}},"type":"cond-expr","locations":[{"start":{"line":158,"column":42},"end":{"line":158,"column":51}},{"start":{"line":158,"column":54},"end":{"line":158,"column":63}}],"line":158}},"s":{"0":0,"1":0,"2":0,"3":0,"4":0,"5":0,"6":0,"7":0,"8":0,"9":0,"10":0,"11":0,"12":0,"13":0,"14":0,"15":0,"16":0,"17":0,"18":0,"19":0,"20":0,"21":0,"22":0,"23":0,"24":0,"25":0,"26":0,"27":0,"28":0,"29":0,"30":0,"31":0,"32":0,"33":0,"34":0,"35":0,"36":0,"37":0,"38":0,"39":0,"40":0,"41":0,"42":0,"43":0,"44":0,"45":0,"46":0,"47":0},"f":{"0":0,"1":0,"2":0,"3":0,"4":0,"5":0,"6":0,"7":0,"8":0,"9":0,"10":0,"11":0,"12":0,"13":0},"b":{"0":[0,0],"1":[0,0],"2":[0,0],"3":[0,0],"4":[0,0]},"hash":"ba9b1c7a48fd3bbe53c84fb13a1837ede6bfe6dd"}
,"/Users/acassio/development/bootcamp-rocketseat/projeto/mobile/src/pages/SignIn/index.tsx": {"path":"/Users/acassio/development/bootcamp-rocketseat/projeto/mobile/src/pages/SignIn/index.tsx","statementMap":{"0":{"start":{"line":36,"column":25},"end":{"line":139,"column":1}},"1":{"start":{"line":37,"column":21},"end":{"line":37,"column":36}},"2":{"start":{"line":39,"column":18},"end":{"line":39,"column":43}},"3":{"start":{"line":41,"column":27},"end":{"line":41,"column":50}},"4":{"start":{"line":43,"column":27},"end":{"line":43,"column":36}},"5":{"start":{"line":45,"column":23},"end":{"line":74,"column":3}},"6":{"start":{"line":47,"column":6},"end":{"line":71,"column":7}},"7":{"start":{"line":48,"column":8},"end":{"line":48,"column":39}},"8":{"start":{"line":49,"column":23},"end":{"line":54,"column":10}},"9":{"start":{"line":55,"column":8},"end":{"line":57,"column":11}},"10":{"start":{"line":59,"column":8},"end":{"line":59,"column":69}},"11":{"start":{"line":62,"column":8},"end":{"line":66,"column":9}},"12":{"start":{"line":63,"column":25},"end":{"line":63,"column":49}},"13":{"start":{"line":64,"column":10},"end":{"line":64,"column":45}},"14":{"start":{"line":65,"column":10},"end":{"line":65,"column":17}},"15":{"start":{"line":67,"column":8},"end":{"line":70,"column":10}},"16":{"start":{"line":76,"column":2},"end":{"line":138,"column":4}},"17":{"start":{"line":102,"column":18},"end":{"line":102,"column":52}},"18":{"start":{"line":113,"column":18},"end":{"line":113,"column":48}},"19":{"start":{"line":119,"column":18},"end":{"line":119,"column":48}},"20":{"start":{"line":131,"column":10},"end":{"line":131,"column":40}}},"fnMap":{"0":{"name":"(anonymous_0)","decl":{"start":{"line":36,"column":25},"end":{"line":36,"column":26}},"loc":{"start":{"line":36,"column":31},"end":{"line":139,"column":1}},"line":36},"1":{"name":"(anonymous_1)","decl":{"start":{"line":46,"column":4},"end":{"line":46,"column":5}},"loc":{"start":{"line":46,"column":51},"end":{"line":72,"column":5}},"line":46},"2":{"name":"(anonymous_2)","decl":{"start":{"line":101,"column":33},"end":{"line":101,"column":34}},"loc":{"start":{"line":101,"column":39},"end":{"line":103,"column":17}},"line":101},"3":{"name":"(anonymous_3)","decl":{"start":{"line":112,"column":33},"end":{"line":112,"column":34}},"loc":{"start":{"line":112,"column":39},"end":{"line":114,"column":17}},"line":112},"4":{"name":"(anonymous_4)","decl":{"start":{"line":118,"column":25},"end":{"line":118,"column":26}},"loc":{"start":{"line":118,"column":31},"end":{"line":120,"column":17}},"line":118},"5":{"name":"(anonymous_5)","decl":{"start":{"line":130,"column":17},"end":{"line":130,"column":18}},"loc":{"start":{"line":130,"column":23},"end":{"line":132,"column":9}},"line":130}},"branchMap":{"0":{"loc":{"start":{"line":62,"column":8},"end":{"line":66,"column":9}},"type":"if","locations":[{"start":{"line":62,"column":8},"end":{"line":66,"column":9}},{"start":{"line":62,"column":8},"end":{"line":66,"column":9}}],"line":62},"1":{"loc":{"start":{"line":79,"column":18},"end":{"line":79,"column":63}},"type":"cond-expr","locations":[{"start":{"line":79,"column":42},"end":{"line":79,"column":51}},{"start":{"line":79,"column":54},"end":{"line":79,"column":63}}],"line":79}},"s":{"0":1,"1":1,"2":1,"3":1,"4":1,"5":1,"6":0,"7":0,"8":0,"9":0,"10":0,"11":0,"12":0,"13":0,"14":0,"15":0,"16":1,"17":0,"18":0,"19":0,"20":0},"f":{"0":1,"1":0,"2":0,"3":0,"4":0,"5":0},"b":{"0":[0,0],"1":[1,0]},"_coverageSchema":"43e27e138ebf9cfc5966b082cf9a028302ed4184","hash":"6a890e9689ef5e5cdccd96992339f15fd8cdee2e"}
,"/Users/acassio/development/bootcamp-rocketseat/projeto/mobile/src/pages/SignUp/index.tsx": {"path":"/Users/acassio/development/bootcamp-rocketseat/projeto/mobile/src/pages/SignUp/index.tsx","statementMap":{"0":{"start":{"line":36,"column":25},"end":{"line":156,"column":1}},"1":{"start":{"line":37,"column":24},"end":{"line":37,"column":47}},"2":{"start":{"line":38,"column":27},"end":{"line":38,"column":50}},"3":{"start":{"line":39,"column":18},"end":{"line":39,"column":43}},"4":{"start":{"line":40,"column":21},"end":{"line":40,"column":36}},"5":{"start":{"line":42,"column":23},"end":{"line":80,"column":18}},"6":{"start":{"line":45,"column":4},"end":{"line":79,"column":5}},"7":{"start":{"line":46,"column":6},"end":{"line":46,"column":37}},"8":{"start":{"line":47,"column":21},"end":{"line":53,"column":8}},"9":{"start":{"line":54,"column":6},"end":{"line":56,"column":9}},"10":{"start":{"line":58,"column":6},"end":{"line":58,"column":37}},"11":{"start":{"line":59,"column":6},"end":{"line":59,"column":94}},"12":{"start":{"line":61,"column":6},"end":{"line":64,"column":8}},"13":{"start":{"line":66,"column":6},"end":{"line":66,"column":26}},"14":{"start":{"line":69,"column":6},"end":{"line":73,"column":7}},"15":{"start":{"line":70,"column":23},"end":{"line":70,"column":47}},"16":{"start":{"line":71,"column":8},"end":{"line":71,"column":43}},"17":{"start":{"line":72,"column":8},"end":{"line":72,"column":15}},"18":{"start":{"line":74,"column":6},"end":{"line":77,"column":8}},"19":{"start":{"line":78,"column":6},"end":{"line":78,"column":23}},"20":{"start":{"line":82,"column":2},"end":{"line":155,"column":4}},"21":{"start":{"line":106,"column":18},"end":{"line":106,"column":49}},"22":{"start":{"line":119,"column":18},"end":{"line":119,"column":52}},"23":{"start":{"line":131,"column":18},"end":{"line":131,"column":48}},"24":{"start":{"line":136,"column":18},"end":{"line":136,"column":48}},"25":{"start":{"line":148,"column":10},"end":{"line":148,"column":30}}},"fnMap":{"0":{"name":"(anonymous_0)","decl":{"start":{"line":36,"column":25},"end":{"line":36,"column":26}},"loc":{"start":{"line":36,"column":31},"end":{"line":156,"column":1}},"line":36},"1":{"name":"(anonymous_1)","decl":{"start":{"line":42,"column":35},"end":{"line":42,"column":36}},"loc":{"start":{"line":44,"column":7},"end":{"line":80,"column":3}},"line":44},"2":{"name":"(anonymous_2)","decl":{"start":{"line":105,"column":33},"end":{"line":105,"column":34}},"loc":{"start":{"line":105,"column":39},"end":{"line":107,"column":17}},"line":105},"3":{"name":"(anonymous_3)","decl":{"start":{"line":118,"column":33},"end":{"line":118,"column":34}},"loc":{"start":{"line":118,"column":39},"end":{"line":120,"column":17}},"line":118},"4":{"name":"(anonymous_4)","decl":{"start":{"line":130,"column":33},"end":{"line":130,"column":34}},"loc":{"start":{"line":130,"column":39},"end":{"line":132,"column":17}},"line":130},"5":{"name":"(anonymous_5)","decl":{"start":{"line":135,"column":25},"end":{"line":135,"column":26}},"loc":{"start":{"line":135,"column":31},"end":{"line":137,"column":17}},"line":135},"6":{"name":"(anonymous_6)","decl":{"start":{"line":147,"column":17},"end":{"line":147,"column":18}},"loc":{"start":{"line":147,"column":23},"end":{"line":149,"column":9}},"line":147}},"branchMap":{"0":{"loc":{"start":{"line":69,"column":6},"end":{"line":73,"column":7}},"type":"if","locations":[{"start":{"line":69,"column":6},"end":{"line":73,"column":7}},{"start":{"line":69,"column":6},"end":{"line":73,"column":7}}],"line":69},"1":{"loc":{"start":{"line":85,"column":18},"end":{"line":85,"column":63}},"type":"cond-expr","locations":[{"start":{"line":85,"column":42},"end":{"line":85,"column":51}},{"start":{"line":85,"column":54},"end":{"line":85,"column":63}}],"line":85}},"s":{"0":0,"1":0,"2":0,"3":0,"4":0,"5":0,"6":0,"7":0,"8":0,"9":0,"10":0,"11":0,"12":0,"13":0,"14":0,"15":0,"16":0,"17":0,"18":0,"19":0,"20":0,"21":0,"22":0,"23":0,"24":0,"25":0},"f":{"0":0,"1":0,"2":0,"3":0,"4":0,"5":0,"6":0},"b":{"0":[0,0],"1":[0,0]},"hash":"3dbed452365a8f6c625c58dde649f0211e452339"}
}
