TN:
SF:/Users/acassio/development/bootcamp-rocketseat/projeto/mobile/src/components/Button/index.tsx
FN:11,(anonymous_0)
FNF:1
FNH:1
FNDA:1,(anonymous_0)
DA:11,1
DA:12,1
LF:2
LH:2
BRF:0
BRH:0
end_of_record
TN:
SF:/Users/acassio/development/bootcamp-rocketseat/projeto/mobile/src/components/Input/index.tsx
FN:27,(anonymous_0)
FN:38,(anonymous_1)
FN:42,(anonymous_2)
FN:47,(anonymous_3)
FN:48,(anonymous_4)
FN:53,(anonymous_5)
FN:59,(anonymous_6)
FN:63,(anonymous_7)
FN:80,(anonymous_8)
FNF:9
FNH:3
FNDA:2,(anonymous_0)
FNDA:0,(anonymous_1)
FNDA:0,(anonymous_2)
FNDA:1,(anonymous_3)
FNDA:0,(anonymous_4)
FNDA:2,(anonymous_5)
FNDA:0,(anonymous_6)
FNDA:0,(anonymous_7)
FNDA:0,(anonymous_8)
DA:27,1
DA:31,2
DA:32,2
DA:33,2
DA:35,2
DA:36,2
DA:38,2
DA:39,0
DA:42,2
DA:43,0
DA:44,0
DA:47,2
DA:49,0
DA:53,2
DA:54,2
DA:60,0
DA:61,0
DA:64,0
DA:65,0
DA:69,2
DA:81,0
LF:21
LH:12
BRDA:28,0,0,2
BRDA:32,1,0,2
BRDA:74,2,0,0
BRDA:74,2,1,2
BRDA:74,3,0,2
BRDA:74,3,1,2
BRF:6
BRH:5
end_of_record
TN:
SF:/Users/acassio/development/bootcamp-rocketseat/projeto/mobile/src/hooks/Auth.tsx
FN:40,(anonymous_0)
FN:44,(anonymous_1)
FN:45,loadStorageData
FN:59,(anonymous_3)
FN:72,(anonymous_4)
FN:78,(anonymous_5)
FN:97,useAuth
FNF:7
FNH:1
FNDA:0,(anonymous_0)
FNDA:0,(anonymous_1)
FNDA:0,loadStorageData
FNDA:0,(anonymous_3)
FNDA:0,(anonymous_4)
FNDA:0,(anonymous_5)
FNDA:1,useAuth
DA:36,1
DA:40,1
DA:41,0
DA:42,0
DA:44,0
DA:46,0
DA:50,0
DA:51,0
DA:52,0
DA:54,0
DA:56,0
DA:59,0
DA:60,0
DA:61,0
DA:62,0
DA:67,0
DA:69,0
DA:72,0
DA:73,0
DA:74,0
DA:77,0
DA:79,0
DA:83,0
DA:88,0
DA:98,1
DA:99,1
DA:100,1
LF:27
LH:5
BRDA:50,0,0,0
BRDA:50,0,1,0
BRDA:50,1,0,0
BRDA:50,1,1,0
BRDA:99,2,0,0
BRDA:99,2,1,1
BRF:6
BRH:1
end_of_record
TN:
SF:/Users/acassio/development/bootcamp-rocketseat/projeto/mobile/src/pages/AppointmentCreated/index.tsx
FN:19,(anonymous_0)
FN:25,(anonymous_1)
FN:33,(anonymous_2)
FNF:3
FNH:0
FNDA:0,(anonymous_0)
FNDA:0,(anonymous_1)
FNDA:0,(anonymous_2)
DA:19,0
DA:20,0
DA:21,0
DA:23,0
DA:25,0
DA:26,0
DA:33,0
DA:34,0
DA:40,0
LF:9
LH:0
BRF:0
BRH:0
end_of_record
TN:
SF:/Users/acassio/development/bootcamp-rocketseat/projeto/mobile/src/pages/CreateAppointment/index.tsx
FN:51,(anonymous_0)
FN:66,(anonymous_1)
FN:67,(anonymous_2)
FN:72,(anonymous_3)
FN:81,(anonymous_4)
FN:87,(anonymous_5)
FN:92,(anonymous_6)
FN:98,(anonymous_7)
FN:99,(anonymous_8)
FN:103,(anonymous_9)
FN:114,(anonymous_10)
FN:118,(anonymous_11)
FN:137,(anonymous_12)
FN:139,(anonymous_13)
FN:140,(anonymous_14)
FN:149,(anonymous_15)
FN:151,(anonymous_16)
FN:152,(anonymous_17)
FN:176,(anonymous_18)
FN:177,(anonymous_19)
FN:180,(anonymous_20)
FN:217,(anonymous_21)
FN:223,(anonymous_22)
FN:238,(anonymous_23)
FN:244,(anonymous_24)
FNF:25
FNH:0
FNDA:0,(anonymous_0)
FNDA:0,(anonymous_1)
FNDA:0,(anonymous_2)
FNDA:0,(anonymous_3)
FNDA:0,(anonymous_4)
FNDA:0,(anonymous_5)
FNDA:0,(anonymous_6)
FNDA:0,(anonymous_7)
FNDA:0,(anonymous_8)
FNDA:0,(anonymous_9)
FNDA:0,(anonymous_10)
FNDA:0,(anonymous_11)
FNDA:0,(anonymous_12)
FNDA:0,(anonymous_13)
FNDA:0,(anonymous_14)
FNDA:0,(anonymous_15)
FNDA:0,(anonymous_16)
FNDA:0,(anonymous_17)
FNDA:0,(anonymous_18)
FNDA:0,(anonymous_19)
FNDA:0,(anonymous_20)
FNDA:0,(anonymous_21)
FNDA:0,(anonymous_22)
FNDA:0,(anonymous_23)
FNDA:0,(anonymous_24)
DA:51,0
DA:52,0
DA:53,0
DA:54,0
DA:55,0
DA:57,0
DA:58,0
DA:61,0
DA:62,0
DA:63,0
DA:64,0
DA:66,0
DA:67,0
DA:68,0
DA:72,0
DA:73,0
DA:82,0
DA:83,0
DA:87,0
DA:88,0
DA:91,0
DA:93,0
DA:98,0
DA:99,0
DA:102,0
DA:104,0
DA:105,0
DA:107,0
DA:108,0
DA:114,0
DA:115,0
DA:118,0
DA:119,0
DA:120,0
DA:121,0
DA:122,0
DA:123,0
DA:128,0
DA:130,0
DA:137,0
DA:138,0
DA:139,0
DA:141,0
DA:149,0
DA:150,0
DA:151,0
DA:153,0
DA:161,0
DA:176,0
DA:178,0
DA:181,0
DA:218,0
DA:224,0
DA:239,0
DA:245,0
LF:55
LH:0
BRDA:104,0,0,0
BRDA:104,0,1,0
BRDA:107,1,0,0
BRDA:107,1,1,0
BRDA:200,2,0,0
BRDA:200,2,1,0
BRF:6
BRH:0
end_of_record
TN:
SF:/Users/acassio/development/bootcamp-rocketseat/projeto/mobile/src/pages/Dashboard/index.tsx
FN:30,(anonymous_0)
FN:36,(anonymous_1)
FN:39,(anonymous_2)
FN:42,(anonymous_3)
FN:47,(anonymous_4)
FN:53,(anonymous_5)
FN:72,(anonymous_6)
FN:76,(anonymous_7)
FN:78,(anonymous_8)
FNF:9
FNH:0
FNDA:0,(anonymous_0)
FNDA:0,(anonymous_1)
FNDA:0,(anonymous_2)
FNDA:0,(anonymous_3)
FNDA:0,(anonymous_4)
FNDA:0,(anonymous_5)
FNDA:0,(anonymous_6)
FNDA:0,(anonymous_7)
FNDA:0,(anonymous_8)
DA:30,0
DA:31,0
DA:33,0
DA:34,0
DA:36,0
DA:37,0
DA:40,0
DA:43,0
DA:47,0
DA:48,0
DA:52,0
DA:54,0
DA:59,0
DA:72,0
DA:77,0
DA:79,0
LF:16
LH:0
BRF:0
BRH:0
end_of_record
TN:
SF:/Users/acassio/development/bootcamp-rocketseat/projeto/mobile/src/pages/Profile/index.tsx
FN:38,(anonymous_0)
FN:49,(anonymous_1)
FN:57,(anonymous_2)
FN:74,(anonymous_3)
FN:82,(anonymous_4)
FN:92,(anonymous_5)
FN:99,(anonymous_6)
FN:151,(anonymous_7)
FN:187,(anonymous_8)
FN:200,(anonymous_9)
FN:213,(anonymous_10)
FN:226,(anonymous_11)
FN:239,(anonymous_12)
FN:245,(anonymous_13)
FNF:14
FNH:0
FNDA:0,(anonymous_0)
FNDA:0,(anonymous_1)
FNDA:0,(anonymous_2)
FNDA:0,(anonymous_3)
FNDA:0,(anonymous_4)
FNDA:0,(anonymous_5)
FNDA:0,(anonymous_6)
FNDA:0,(anonymous_7)
FNDA:0,(anonymous_8)
FNDA:0,(anonymous_9)
FNDA:0,(anonymous_10)
FNDA:0,(anonymous_11)
FNDA:0,(anonymous_12)
FNDA:0,(anonymous_13)
DA:38,0
DA:39,0
DA:40,0
DA:41,0
DA:42,0
DA:44,0
DA:45,0
DA:47,0
DA:49,0
DA:50,0
DA:58,0
DA:59,0
DA:61,0
DA:62,0
DA:63,0
DA:66,0
DA:67,0
DA:68,0
DA:74,0
DA:75,0
DA:81,0
DA:83,0
DA:84,0
DA:85,0
DA:92,0
DA:99,0
DA:107,0
DA:111,0
DA:113,0
DA:125,0
DA:127,0
DA:129,0
DA:134,0
DA:136,0
DA:137,0
DA:138,0
DA:139,0
DA:141,0
DA:145,0
DA:151,0
DA:152,0
DA:155,0
DA:188,0
DA:201,0
DA:214,0
DA:227,0
DA:240,0
DA:246,0
LF:48
LH:0
BRDA:58,0,0,0
BRDA:58,0,1,0
BRDA:61,1,0,0
BRDA:61,1,1,0
BRDA:116,2,0,0
BRDA:116,2,1,0
BRDA:136,3,0,0
BRDA:136,3,1,0
BRDA:158,4,0,0
BRDA:158,4,1,0
BRF:10
BRH:0
end_of_record
TN:
SF:/Users/acassio/development/bootcamp-rocketseat/projeto/mobile/src/pages/SignIn/index.tsx
FN:36,(anonymous_0)
FN:46,(anonymous_1)
FN:101,(anonymous_2)
FN:112,(anonymous_3)
FN:118,(anonymous_4)
FN:130,(anonymous_5)
FNF:6
FNH:1
FNDA:1,(anonymous_0)
FNDA:0,(anonymous_1)
FNDA:0,(anonymous_2)
FNDA:0,(anonymous_3)
FNDA:0,(anonymous_4)
FNDA:0,(anonymous_5)
DA:36,1
DA:37,1
DA:39,1
DA:41,1
DA:43,1
DA:45,1
DA:47,0
DA:48,0
DA:49,0
DA:55,0
DA:59,0
DA:62,0
DA:63,0
DA:64,0
DA:65,0
DA:67,0
DA:76,1
DA:102,0
DA:113,0
DA:119,0
DA:131,0
LF:21
LH:7
BRDA:62,0,0,0
BRDA:62,0,1,0
BRDA:79,1,0,1
BRDA:79,1,1,0
BRF:4
BRH:1
end_of_record
TN:
SF:/Users/acassio/development/bootcamp-rocketseat/projeto/mobile/src/pages/SignUp/index.tsx
FN:36,(anonymous_0)
FN:42,(anonymous_1)
FN:105,(anonymous_2)
FN:118,(anonymous_3)
FN:130,(anonymous_4)
FN:135,(anonymous_5)
FN:147,(anonymous_6)
FNF:7
FNH:0
FNDA:0,(anonymous_0)
FNDA:0,(anonymous_1)
FNDA:0,(anonymous_2)
FNDA:0,(anonymous_3)
FNDA:0,(anonymous_4)
FNDA:0,(anonymous_5)
FNDA:0,(anonymous_6)
DA:36,0
DA:37,0
DA:38,0
DA:39,0
DA:40,0
DA:42,0
DA:45,0
DA:46,0
DA:47,0
DA:54,0
DA:58,0
DA:59,0
DA:61,0
DA:66,0
DA:69,0
DA:70,0
DA:71,0
DA:72,0
DA:74,0
DA:78,0
DA:82,0
DA:106,0
DA:119,0
DA:131,0
DA:136,0
DA:148,0
LF:26
LH:0
BRDA:69,0,0,0
BRDA:69,0,1,0
BRDA:85,1,0,0
BRDA:85,1,1,0
BRF:4
BRH:0
end_of_record
